[0302/113114.691:ERROR:process_info.cc(350)] VirtualQueryEx: Access is denied. (0x5)
[0302/113114.692:ERROR:process_info.cc(571)] ReadMemoryInfo failed
[0302/113114.697:ERROR:process_reader_win.cc(151)] SuspendThread: Access is denied. (0x5)
[0302/113114.698:ERROR:exception_snapshot_win.cc(88)] thread ID 12040 not found in process
[0302/113114.698:WARNING:crash_report_exception_handler.cc(62)] ProcessSnapshotWin::Initialize failed
[0302/113114.698:ERROR:scoped_process_suspend.cc(40)] NtResumeProcess: An attempt was made to access an exiting process. (0xc000010a)
[0306/060606.145:ERROR:process_info.cc(350)] VirtualQueryEx: Access is denied. (0x5)
[0306/060606.161:ERROR:process_info.cc(571)] ReadMemoryInfo failed
[0306/060606.167:ERROR:process_reader_win.cc(151)] SuspendThread: Access is denied. (0x5)
[0306/060606.167:ERROR:exception_snapshot_win.cc(88)] thread ID 8332 not found in process
[0306/060606.167:WARNING:crash_report_exception_handler.cc(62)] ProcessSnapshotWin::Initialize failed
[0306/060606.167:ERROR:scoped_process_suspend.cc(40)] NtResumeProcess: An attempt was made to access an exiting process. (0xc000010a)
[0404/120057.543:ERROR:process_info.cc(329)] VirtualQueryEx: Access is denied. (0x5)
[0404/120057.544:ERROR:process_info.cc(550)] ReadMemoryInfo failed
[0404/120057.550:ERROR:process_reader_win.cc(151)] SuspendThread: Access is denied. (0x5)
[0404/120057.551:ERROR:exception_snapshot_win.cc(88)] thread ID 9692 not found in process
[0404/120057.551:WARNING:crash_report_exception_handler.cc(62)] ProcessSnapshotWin::Initialize failed
[0404/120057.551:ERROR:scoped_process_suspend.cc(40)] NtResumeProcess: An attempt was made to access an exiting process. (0xc000010a)
[0406/093914.378:ERROR:process_info.cc(329)] VirtualQueryEx: Access is denied. (0x5)
[0406/093914.379:ERROR:process_info.cc(550)] ReadMemoryInfo failed
[0406/093914.382:ERROR:process_reader_win.cc(151)] SuspendThread: Access is denied. (0x5)
[0406/093914.382:ERROR:exception_snapshot_win.cc(88)] thread ID 8272 not found in process
[0406/093914.382:WARNING:crash_report_exception_handler.cc(62)] ProcessSnapshotWin::Initialize failed
[0406/093914.383:ERROR:scoped_process_suspend.cc(40)] NtResumeProcess: An attempt was made to access an exiting process. (0xc000010a)
[0406/094340.249:ERROR:process_info.cc(329)] VirtualQueryEx: Access is denied. (0x5)
[0406/094340.250:ERROR:process_info.cc(550)] ReadMemoryInfo failed
[0406/094340.255:ERROR:process_reader_win.cc(151)] SuspendThread: Access is denied. (0x5)
[0406/094340.255:ERROR:exception_snapshot_win.cc(88)] thread ID 3276 not found in process
[0406/094340.255:WARNING:crash_report_exception_handler.cc(62)] ProcessSnapshotWin::Initialize failed
[0406/094340.255:ERROR:scoped_process_suspend.cc(40)] NtResumeProcess: An attempt was made to access an exiting process. (0xc000010a)
[0406/122826.669:ERROR:process_info.cc(329)] VirtualQueryEx: Access is denied. (0x5)
[0406/122826.670:ERROR:process_info.cc(550)] ReadMemoryInfo failed
[0406/122826.676:ERROR:process_reader_win.cc(151)] SuspendThread: Access is denied. (0x5)
[0406/122826.676:ERROR:exception_snapshot_win.cc(88)] thread ID 13792 not found in process
[0406/122826.676:WARNING:crash_report_exception_handler.cc(62)] ProcessSnapshotWin::Initialize failed
[0406/122826.676:ERROR:scoped_process_suspend.cc(40)] NtResumeProcess: An attempt was made to access an exiting process. (0xc000010a)
[0409/132219.887:ERROR:process_info.cc(329)] VirtualQueryEx: Access is denied. (0x5)
[0409/132219.888:ERROR:process_info.cc(550)] ReadMemoryInfo failed
[0409/132219.893:ERROR:process_reader_win.cc(151)] SuspendThread: Access is denied. (0x5)
[0409/132219.893:ERROR:exception_snapshot_win.cc(88)] thread ID 8228 not found in process
[0409/132219.893:WARNING:crash_report_exception_handler.cc(62)] ProcessSnapshotWin::Initialize failed
[0409/132219.893:ERROR:scoped_process_suspend.cc(40)] NtResumeProcess: An attempt was made to access an exiting process. (0xc000010a)
[0410/064447.954:ERROR:process_info.cc(329)] VirtualQueryEx: Access is denied. (0x5)
[0410/064447.955:ERROR:process_info.cc(550)] ReadMemoryInfo failed
[0410/064447.958:ERROR:process_reader_win.cc(151)] SuspendThread: Access is denied. (0x5)
[0410/064447.958:ERROR:exception_snapshot_win.cc(88)] thread ID 11112 not found in process
[0410/064447.958:WARNING:crash_report_exception_handler.cc(62)] ProcessSnapshotWin::Initialize failed
[0410/064447.958:ERROR:scoped_process_suspend.cc(40)] NtResumeProcess: An attempt was made to access an exiting process. (0xc000010a)
[0416/103330.400:ERROR:process_info.cc(329)] VirtualQueryEx: Access is denied. (0x5)
[0416/103330.411:ERROR:process_info.cc(550)] ReadMemoryInfo failed
[0416/103330.416:ERROR:process_reader_win.cc(151)] SuspendThread: Access is denied. (0x5)
[0416/103330.417:ERROR:exception_snapshot_win.cc(88)] thread ID 10796 not found in process
[0416/103330.417:WARNING:crash_report_exception_handler.cc(62)] ProcessSnapshotWin::Initialize failed
[0416/103330.417:ERROR:scoped_process_suspend.cc(40)] NtResumeProcess: An attempt was made to access an exiting process. (0xc000010a)
